{
  "RSpec": {
    "coverage": {
      "/Users/makerslaptop21/Google Drive/MAcademy/pairmiscuous/spec/dummy_test_spec.rb": [
        1,
        null,
        1,
        1,
        1,
        null,
        null,
        null,
        null
      ],
      "/Users/makerslaptop21/Google Drive/MAcademy/pairmiscuous/spec/rails_helper.rb": [
        null,
        1,
        1,
        null,
        1,
        1,
        1,
        null,
        null,
        null,
        null,
        null,
        null,
        null,
        null,
        null,
        null,
        null,
        null,
        null,
        null,
        null,
        null,
        null,
        null,
        null,
        1,
        null,
        1,
        null,
        1,
        null,
        null,
        null,
        null,
        1,
        null,
        null,
        null,
        null,
        null,
        null,
        null,
        null,
        null,
        null,
        null,
        null,
        null,
        null,
        1,
        null
      ],
      "/Users/makerslaptop21/Google Drive/MAcademy/pairmiscuous/config/environment.rb": [
        null,
        1,
        null,
        null,
        1
      ],
      "/Users/makerslaptop21/Google Drive/MAcademy/pairmiscuous/config/application.rb": [
        1,
        null,
        1,
        null,
        1,
        1,
        1,
        1,
        1,
        1,
        1,
        null,
        null,
        null,
        null,
        1,
        null,
        1,
        1,
        null,
        null,
        null,
        null,
        null,
        null,
        null,
        null,
        null,
        null,
        null,
        null,
        null,
        1,
        null,
        null
      ],
      "/Users/makerslaptop21/Google Drive/MAcademy/pairmiscuous/config/boot.rb": [
        1,
        null,
        1
      ],
      "/Users/makerslaptop21/Google Drive/MAcademy/pairmiscuous/config/environments/test.rb": [
        1,
        null,
        null,
        null,
        null,
        null,
        null,
        1,
        null,
        null,
        null,
        null,
        1,
        null,
        null,
        1,
        1,
        null,
        null,
        1,
        1,
        null,
        null,
        1,
        null,
        null,
        1,
        null,
        null,
        null,
        null,
        1,
        null,
        null,
        1,
        null,
        null,
        1,
        null,
        null,
        null,
        null
      ],
      "/Users/makerslaptop21/Google Drive/MAcademy/pairmiscuous/config/initializers/assets.rb": [
        null,
        null,
        null,
        1,
        null,
        null,
        null,
        null,
        null,
        null,
        null
      ],
      "/Users/makerslaptop21/Google Drive/MAcademy/pairmiscuous/config/initializers/backtrace_silencers.rb": [
        null,
        null,
        null,
        null,
        null,
        null,
        null
      ],
      "/Users/makerslaptop21/Google Drive/MAcademy/pairmiscuous/config/initializers/cookies_serializer.rb": [
        null,
        null,
        1
      ],
      "/Users/makerslaptop21/Google Drive/MAcademy/pairmiscuous/config/initializers/filter_parameter_logging.rb": [
        null,
        null,
        null,
        1
      ],
      "/Users/makerslaptop21/Google Drive/MAcademy/pairmiscuous/config/initializers/inflections.rb": [
        null,
        null,
        null,
        null,
        null,
        null,
        null,
        null,
        null,
        null,
        null,
        null,
        null,
        null,
        null,
        null
      ],
      "/Users/makerslaptop21/Google Drive/MAcademy/pairmiscuous/config/initializers/mime_types.rb": [
        null,
        null,
        null,
        null
      ],
      "/Users/makerslaptop21/Google Drive/MAcademy/pairmiscuous/config/initializers/omniauth.rb": [
        1,
        1,
        null
      ],
      "/Users/makerslaptop21/Google Drive/MAcademy/pairmiscuous/config/initializers/session_store.rb": [
        null,
        null,
        1
      ],
      "/Users/makerslaptop21/Google Drive/MAcademy/pairmiscuous/config/initializers/wrap_parameters.rb": [
        null,
        null,
        null,
        null,
        null,
        null,
        1,
        1,
        null,
        null,
        null,
        null,
        null,
        null
      ],
      "/Users/makerslaptop21/Google Drive/MAcademy/pairmiscuous/config/routes.rb": [
        1,
        1,
        1,
        1,
        1,
        1,
        null,
        null,
        null,
        null,
        null,
        null,
        null,
        null,
        null,
        null,
        null,
        null,
        null,
        null,
        null,
        null,
        null,
        null,
        null,
        null,
        null,
        null,
        null,
        null,
        null,
        null,
        null,
        null,
        null,
        null,
        null,
        null,
        null,
        null,
        null,
        null,
        null,
        null,
        null,
        null,
        null,
        null,
        null,
        null,
        null,
        null,
        null,
        null,
        null,
        null,
        null,
        null,
        null,
        null,
        null
      ],
      "/Users/makerslaptop21/Google Drive/MAcademy/pairmiscuous/app/helpers/application_helper.rb": [
        1,
        null
      ],
      "/Users/makerslaptop21/Google Drive/MAcademy/pairmiscuous/app/helpers/pairings_helper.rb": [
        1,
        null,
        null,
        1,
        null,
        null,
        null,
        8,
        8,
        null,
        null,
        8,
        null,
        null,
        null,
        1,
        5,
        10,
        10,
        null,
        null,
        null,
        1,
        0,
        null,
        null,
        1,
        8,
        null,
        null,
        1,
        120,
        null,
        null,
        1,
        14,
        null,
        null,
        1,
        14,
        262,
        null,
        null,
        null,
        null,
        null,
        null,
        null,
        null,
        null
      ],
      "/Users/makerslaptop21/Google Drive/MAcademy/pairmiscuous/app/helpers/sessions_helper.rb": [
        1,
        null
      ],
      "/Users/makerslaptop21/Google Drive/MAcademy/pairmiscuous/app/helpers/users_helper.rb": [
        1,
        null
      ],
      "/Users/makerslaptop21/Google Drive/MAcademy/pairmiscuous/spec/pair_selection_spec.rb": [
        1,
        1,
        1,
        1,
        null,
        1,
        null,
        1,
        3,
        3,
        45,
        null,
        null,
        1,
        1,
        5,
        5,
        null,
        null,
        null,
        1,
        1,
        1,
        1,
        null,
        null,
        1,
        1,
        1,
        1,
        20,
        1,
        null,
        null,
        1,
        1,
        1,
        null,
        1,
        null,
        null,
        null,
        null,
        1,
        null,
        null
      ],
      "/Users/makerslaptop21/Google Drive/MAcademy/pairmiscuous/app/models/cohort.rb": [
        1,
        null,
        1,
        1,
        null
      ],
      "/Users/makerslaptop21/Google Drive/MAcademy/pairmiscuous/app/models/user.rb": [
        1,
        1,
        1,
        1,
        null,
        1,
        0,
        0,
        0,
        0,
        0,
        0,
        null,
        null,
        null
      ],
      "/Users/makerslaptop21/Google Drive/MAcademy/pairmiscuous/app/models/pairing.rb": [
        1,
        null,
        1,
        null
      ]
    },
    "timestamp": 1435323434
  }
}
